<?xml version="1.0" encoding="UTF-8"?>
<coverage generated="1625123074968" clover="3.2.0">
  <project timestamp="1625123074968" name="All files">
    <metrics statements="7" coveredstatements="7" conditionals="0" coveredconditionals="0" methods="5" coveredmethods="5" elements="12" coveredelements="12" complexity="0" loc="7" ncloc="7" packages="1" files="2" classes="2"/>
    <file name="app.js" path="C:\Users\gabri\Desktop\projects\projectX\test\app.js">
      <metrics statements="5" coveredstatements="5" conditionals="0" coveredconditionals="0" methods="4" coveredmethods="4"/>
      <line num="3" count="2" type="stmt"/>
      <line num="6" count="2" type="stmt"/>
      <line num="9" count="2" type="stmt"/>
      <line num="12" count="2" type="stmt"/>
      <line num="16" count="1" type="stmt"/>
    </file>
    <file name="main.js" path="C:\Users\gabri\Desktop\projects\projectX\test\main.js">
      <metrics statements="2" coveredstatements="2" conditionals="0" coveredconditionals="0" methods="1" coveredmethods="1"/>
      <line num="1" count="1" type="stmt"/>
      <line num="2" count="1" type="stmt"/>
    </file>
  </project>
</coverage>
